2021-06-20 09:58:48,950 WARN com.zaxxer.hikari.pool.HikariPool [HikariPool-1 housekeeper] HikariPool-1 - Thread starvation or clock leap detected (housekeeper delta=15h30m59s298ms883탎).
2021-06-20 10:03:03,699 WARN com.zaxxer.hikari.pool.HikariPool [HikariPool-1 housekeeper] HikariPool-1 - Thread starvation or clock leap detected (housekeeper delta=4m20s331ms530탎800ns).
2021-06-20 10:37:03,356 WARN com.zaxxer.hikari.pool.HikariPool [HikariPool-1 housekeeper] HikariPool-1 - Thread starvation or clock leap detected (housekeeper delta=23m29s422ms799탎900ns).
2021-06-20 13:18:51,263 WARN com.zaxxer.hikari.pool.HikariPool [HikariPool-1 housekeeper] HikariPool-1 - Thread starvation or clock leap detected (housekeeper delta=1m50s293ms426탎600ns).
2021-06-20 13:19:43,087 WARN com.zaxxer.hikari.pool.HikariPool [HikariPool-1 housekeeper] HikariPool-1 - Thread starvation or clock leap detected (housekeeper delta=1m12s909ms669탎300ns).
2021-06-20 15:42:18,965 INFO com.CarsApplication [main] Starting CarsApplication using Java 15.0.2 on DESKTOP-07AVPAJ with PID 512 (F:\SprintProject\CarsApplication\bin\main started by user in F:\SprintProject\CarsApplication)
2021-06-20 15:42:18,995 INFO com.CarsApplication [main] No active profile set, falling back to default profiles: default
2021-06-20 15:42:24,178 INFO org.springframework.data.repository.config.RepositoryConfigurationDelegate [main] Bootstrapping Spring Data JPA repositories in DEFAULT mode.
2021-06-20 15:42:25,372 INFO org.springframework.data.repository.config.RepositoryConfigurationDelegate [main] Finished Spring Data repository scanning in 1149 ms. Found 6 JPA repository interfaces.
2021-06-20 15:42:28,691 INFO org.springframework.boot.web.embedded.tomcat.TomcatWebServer [main] Tomcat initialized with port(s): 9090 (http)
2021-06-20 15:42:28,739 INFO org.apache.coyote.http11.Http11NioProtocol [main] Initializing ProtocolHandler ["http-nio-9090"]
2021-06-20 15:42:28,740 INFO org.apache.catalina.core.StandardService [main] Starting service [Tomcat]
2021-06-20 15:42:28,741 INFO org.apache.catalina.core.StandardEngine [main] Starting Servlet engine: [Apache Tomcat/9.0.46]
2021-06-20 15:42:29,058 INFO org.apache.catalina.core.ContainerBase.[Tomcat].[localhost].[/] [main] Initializing Spring embedded WebApplicationContext
2021-06-20 15:42:29,058 INFO org.springframework.boot.web.servlet.context.ServletWebServerApplicationContext [main] Root WebApplicationContext: initialization completed in 9891 ms
2021-06-20 15:42:29,519 INFO com.zaxxer.hikari.HikariDataSource [main] HikariPool-1 - Starting...
2021-06-20 15:42:31,733 INFO com.zaxxer.hikari.HikariDataSource [main] HikariPool-1 - Start completed.
2021-06-20 15:42:32,818 INFO org.hibernate.jpa.internal.util.LogHelper [main] HHH000204: Processing PersistenceUnitInfo [name: default]
2021-06-20 15:42:33,083 INFO org.hibernate.Version [main] HHH000412: Hibernate ORM core version 5.4.32.Final
2021-06-20 15:42:34,279 INFO org.hibernate.annotations.common.Version [main] HCANN000001: Hibernate Commons Annotations {5.1.2.Final}
2021-06-20 15:42:37,500 INFO org.hibernate.dialect.Dialect [main] HHH000400: Using dialect: org.hibernate.dialect.PostgreSQL10Dialect
2021-06-20 15:42:51,112 WARN org.hibernate.engine.jdbc.spi.SqlExceptionHelper [main] SQL Warning Code: 0, SQLState: 00000
2021-06-20 15:42:51,112 WARN org.hibernate.engine.jdbc.spi.SqlExceptionHelper [main] constraint "fkdqefsfhtn54gbbpxtv39s92j7" of relation "appointment" does not exist, skipping
2021-06-20 15:42:56,056 INFO org.hibernate.engine.transaction.jta.platform.internal.JtaPlatformInitiator [main] HHH000490: Using JtaPlatform implementation: [org.hibernate.engine.transaction.jta.platform.internal.NoJtaPlatform]
2021-06-20 15:42:56,122 INFO org.springframework.orm.jpa.LocalContainerEntityManagerFactoryBean [main] Initialized JPA EntityManagerFactory for persistence unit 'default'
2021-06-20 15:42:58,895 WARN org.springframework.boot.autoconfigure.orm.jpa.JpaBaseConfiguration$JpaWebConfiguration [main] spring.jpa.open-in-view is enabled by default. Therefore, database queries may be performed during view rendering. Explicitly configure spring.jpa.open-in-view to disable this warning
2021-06-20 15:43:03,588 INFO org.apache.coyote.http11.Http11NioProtocol [main] Starting ProtocolHandler ["http-nio-9090"]
2021-06-20 15:43:06,715 INFO org.springframework.boot.web.embedded.tomcat.TomcatWebServer [main] Tomcat started on port(s): 9090 (http) with context path ''
2021-06-20 15:43:08,579 INFO com.CarsApplication [main] Started CarsApplication in 51.367 seconds (JVM running for 54.532)
2021-06-20 15:43:54,737 INFO org.springframework.boot.test.context.SpringBootTestContextBootstrapper [main] Neither @ContextConfiguration nor @ContextHierarchy found for test class [com.cars.service.OrderServiceTest], using SpringBootContextLoader
2021-06-20 15:43:54,768 INFO org.springframework.test.context.support.AbstractContextLoader [main] Could not detect default resource locations for test class [com.cars.service.OrderServiceTest]: no resource found for suffixes {-context.xml, Context.groovy}.
2021-06-20 15:43:54,820 INFO org.springframework.test.context.support.AnnotationConfigContextLoaderUtils [main] Could not detect default configuration classes for test class [com.cars.service.OrderServiceTest]: OrderServiceTest does not declare any static, non-private, non-final, nested classes annotated with @Configuration.
2021-06-20 15:43:55,516 INFO org.springframework.boot.test.context.SpringBootTestContextBootstrapper [main] Found @SpringBootConfiguration com.CarsApplication for test class com.cars.service.OrderServiceTest
2021-06-20 15:43:55,912 INFO org.springframework.boot.test.context.SpringBootTestContextBootstrapper [main] Loaded default TestExecutionListener class names from location [META-INF/spring.factories]: [org.springframework.boot.test.autoconfigure.restdocs.RestDocsTestExecutionListener, org.springframework.boot.test.autoconfigure.web.client.MockRestServiceServerResetTestExecutionListener, org.springframework.boot.test.autoconfigure.web.servlet.MockMvcPrintOnlyOnFailureTestExecutionListener, org.springframework.boot.test.autoconfigure.web.servlet.WebDriverTestExecutionListener, org.springframework.boot.test.autoconfigure.webservices.client.MockWebServiceServerTestExecutionListener, org.springframework.boot.test.mock.mockito.MockitoTestExecutionListener, org.springframework.boot.test.mock.mockito.ResetMocksTestExecutionListener, org.springframework.test.context.web.ServletTestExecutionListener, org.springframework.test.context.support.DirtiesContextBeforeModesTestExecutionListener, org.springframework.test.context.event.ApplicationEventsTestExecutionListener, org.springframework.test.context.support.DependencyInjectionTestExecutionListener, org.springframework.test.context.support.DirtiesContextTestExecutionListener, org.springframework.test.context.transaction.TransactionalTestExecutionListener, org.springframework.test.context.jdbc.SqlScriptsTestExecutionListener, org.springframework.test.context.event.EventPublishingTestExecutionListener]
2021-06-20 15:43:56,336 INFO org.springframework.boot.test.context.SpringBootTestContextBootstrapper [main] Using TestExecutionListeners: [org.springframework.test.context.web.ServletTestExecutionListener@89c10b7, org.springframework.test.context.support.DirtiesContextBeforeModesTestExecutionListener@5dbe30be, org.springframework.test.context.event.ApplicationEventsTestExecutionListener@4fe89c24, org.springframework.boot.test.mock.mockito.MockitoTestExecutionListener@55795845, org.springframework.boot.test.autoconfigure.SpringBootDependencyInjectionTestExecutionListener@3d08f3f5, org.springframework.test.context.support.DirtiesContextTestExecutionListener@119f1f2a, org.springframework.test.context.transaction.TransactionalTestExecutionListener@1a1da881, org.springframework.test.context.jdbc.SqlScriptsTestExecutionListener@5b970f7, org.springframework.test.context.event.EventPublishingTestExecutionListener@7fd4acee, org.springframework.boot.test.autoconfigure.restdocs.RestDocsTestExecutionListener@165b8a71, org.springframework.boot.test.autoconfigure.web.client.MockRestServiceServerResetTestExecutionListener@6175619b, org.springframework.boot.test.autoconfigure.web.servlet.MockMvcPrintOnlyOnFailureTestExecutionListener@2f058b8a, org.springframework.boot.test.autoconfigure.web.servlet.WebDriverTestExecutionListener@756cf158, org.springframework.boot.test.autoconfigure.webservices.client.MockWebServiceServerTestExecutionListener@3f2ef586, org.springframework.boot.test.mock.mockito.ResetMocksTestExecutionListener@751d3241]
2021-06-20 15:43:57,781 INFO com.cars.service.OrderServiceTest [main] Starting OrderServiceTest using Java 15.0.2 on DESKTOP-07AVPAJ with PID 1604 (started by user in F:\SprintProject\CarsApplication)
2021-06-20 15:43:57,787 INFO com.cars.service.OrderServiceTest [main] No active profile set, falling back to default profiles: default
2021-06-20 15:44:01,140 INFO org.springframework.data.repository.config.RepositoryConfigurationDelegate [main] Bootstrapping Spring Data JPA repositories in DEFAULT mode.
2021-06-20 15:44:01,912 INFO org.springframework.data.repository.config.RepositoryConfigurationDelegate [main] Finished Spring Data repository scanning in 742 ms. Found 6 JPA repository interfaces.
2021-06-20 15:44:05,577 INFO com.zaxxer.hikari.HikariDataSource [main] HikariPool-1 - Starting...
2021-06-20 15:44:06,266 INFO com.zaxxer.hikari.HikariDataSource [main] HikariPool-1 - Start completed.
2021-06-20 15:44:07,220 INFO org.hibernate.jpa.internal.util.LogHelper [main] HHH000204: Processing PersistenceUnitInfo [name: default]
2021-06-20 15:44:07,384 INFO org.hibernate.Version [main] HHH000412: Hibernate ORM core version 5.4.32.Final
2021-06-20 15:44:07,490 INFO org.hibernate.annotations.common.Version [main] HCANN000001: Hibernate Commons Annotations {5.1.2.Final}
2021-06-20 15:44:07,869 INFO org.hibernate.dialect.Dialect [main] HHH000400: Using dialect: org.hibernate.dialect.PostgreSQL10Dialect
2021-06-20 15:44:16,072 INFO org.hibernate.engine.transaction.jta.platform.internal.JtaPlatformInitiator [main] HHH000490: Using JtaPlatform implementation: [org.hibernate.engine.transaction.jta.platform.internal.NoJtaPlatform]
2021-06-20 15:44:16,096 INFO org.springframework.orm.jpa.LocalContainerEntityManagerFactoryBean [main] Initialized JPA EntityManagerFactory for persistence unit 'default'
2021-06-20 15:44:18,221 WARN org.springframework.boot.autoconfigure.orm.jpa.JpaBaseConfiguration$JpaWebConfiguration [main] spring.jpa.open-in-view is enabled by default. Therefore, database queries may be performed during view rendering. Explicitly configure spring.jpa.open-in-view to disable this warning
2021-06-20 15:44:23,632 INFO com.cars.service.OrderServiceTest [main] Started OrderServiceTest in 26.993 seconds (JVM running for 36.745)
2021-06-20 15:44:24,521 INFO org.springframework.orm.jpa.LocalContainerEntityManagerFactoryBean [SpringApplicationShutdownHook] Closing JPA EntityManagerFactory for persistence unit 'default'
2021-06-20 15:44:24,542 INFO com.zaxxer.hikari.HikariDataSource [SpringApplicationShutdownHook] HikariPool-1 - Shutdown initiated...
2021-06-20 15:44:24,548 INFO com.zaxxer.hikari.HikariDataSource [SpringApplicationShutdownHook] HikariPool-1 - Shutdown completed.
2021-06-20 17:38:26,052 WARN com.zaxxer.hikari.pool.HikariPool [HikariPool-1 housekeeper] HikariPool-1 - Thread starvation or clock leap detected (housekeeper delta=13m24s578ms547탎700ns).
2021-06-20 17:39:06,143 WARN com.zaxxer.hikari.pool.HikariPool [HikariPool-1 housekeeper] HikariPool-1 - Thread starvation or clock leap detected (housekeeper delta=46s380ms801탎100ns).
